<?xml version="1.0" encoding="UTF-8"?>
<testng-results skipped="0" failed="0" ignored="0" total="2" passed="2">
  <reporter-output>
  </reporter-output>
  <suite name="Default suite" duration-ms="111580" started-at="2018-02-14T17:44:09Z" finished-at="2018-02-14T17:46:00Z">
    <groups>
    </groups>
    <test name="Default test" duration-ms="111580" started-at="2018-02-14T17:44:09Z" finished-at="2018-02-14T17:46:00Z">
      <class name="com.Testcases.TestPage">
        <test-method status="PASS" signature="init()[pri:0, instance:com.Testcases.TestPage@18be83e4]" name="init" is-config="true" duration-ms="282" started-at="2018-02-14T23:14:09Z" finished-at="2018-02-14T23:14:09Z">
          <reporter-output>
          </reporter-output>
        </test-method> <!-- init -->
        <test-method status="PASS" signature="beforeTest()[pri:0, instance:com.Testcases.TestPage@18be83e4]" name="beforeTest" is-config="true" duration-ms="13380" started-at="2018-02-14T23:14:09Z" finished-at="2018-02-14T23:14:22Z">
          <reporter-output>
          </reporter-output>
        </test-method> <!-- beforeTest -->
        <test-method status="PASS" signature="Login()[pri:0, instance:com.Testcases.TestPage@18be83e4]" name="Login" duration-ms="34489" started-at="2018-02-14T23:14:22Z" finished-at="2018-02-14T23:14:57Z">
          <reporter-output>
          </reporter-output>
        </test-method> <!-- Login -->
        <test-method status="PASS" signature="afterTest()[pri:0, instance:com.Testcases.TestPage@18be83e4]" name="afterTest" is-config="true" duration-ms="677" started-at="2018-02-14T23:14:57Z" finished-at="2018-02-14T23:14:58Z">
          <reporter-output>
          </reporter-output>
        </test-method> <!-- afterTest -->
        <test-method status="PASS" signature="beforeTest()[pri:0, instance:com.Testcases.TestPage@18be83e4]" name="beforeTest" is-config="true" duration-ms="15854" started-at="2018-02-14T23:14:58Z" finished-at="2018-02-14T23:15:13Z">
          <reporter-output>
          </reporter-output>
        </test-method> <!-- beforeTest -->
        <test-method status="PASS" signature="Test2()[pri:0, instance:com.Testcases.TestPage@18be83e4]" name="Test2" duration-ms="46461" started-at="2018-02-14T23:15:13Z" finished-at="2018-02-14T23:16:00Z">
          <reporter-output>
          </reporter-output>
        </test-method> <!-- Test2 -->
        <test-method status="PASS" signature="afterTest()[pri:0, instance:com.Testcases.TestPage@18be83e4]" name="afterTest" is-config="true" duration-ms="380" started-at="2018-02-14T23:16:00Z" finished-at="2018-02-14T23:16:00Z">
          <reporter-output>
          </reporter-output>
        </test-method> <!-- afterTest -->
      </class> <!-- com.Testcases.TestPage -->
    </test> <!-- Default test -->
  </suite> <!-- Default suite -->
</testng-results>
